2020-04-04 21:45:39.336 [Thread-7] INFO  io.github.biezhi.wechat.api.WechatClient -
				[*] 正在获取 uuid ... 
2020-04-04 21:45:39.515 [Thread-7] INFO  io.github.biezhi.wechat.api.WechatClient -
				[*] 正在获取二维码 ... 成功

2020-04-04 21:45:40.618 [Thread-7] INFO  io.github.biezhi.wechat.api.WechatClient -
				[*] 请使用微信扫描二维码以登录 ... 

2020-04-04 21:45:42.925 [Thread-8] INFO  io.github.biezhi.wechat.api.WechatClient -
				[*] 正在获取 uuid ... 
2020-04-04 21:45:42.983 [Thread-8] INFO  io.github.biezhi.wechat.api.WechatClient -
				[*] 正在获取二维码 ... 成功

2020-04-04 21:45:44.062 [Thread-8] INFO  io.github.biezhi.wechat.api.WechatClient -
				[*] 请使用微信扫描二维码以登录 ... 

2020-04-04 21:45:51.716 [Thread-8] INFO  io.github.biezhi.wechat.api.WechatClient -
				[*] 请在手机上点击确认以登录 ... 

2020-04-04 21:45:53.488 [Thread-8] INFO  io.github.biezhi.wechat.api.WechatApi -
				[*] 设置cookie []
2020-04-04 21:46:05.774 [Thread-7] WARN  io.github.biezhi.wechat.api.WechatApi -
				[登陆超时] 

2020-04-04 21:46:06.775 [Thread-7] INFO  io.github.biezhi.wechat.api.WechatClient -
				[*] 请使用微信扫描二维码以登录 ... 

2020-04-04 21:46:06.802 [Thread-7] INFO  io.github.biezhi.wechat.api.WechatClient -
				[*] 请在手机上点击确认以登录 ... 

2020-04-04 21:46:06.907 [Thread-7] INFO  io.github.biezhi.wechat.api.WechatApi -
				[*] 设置cookie []
